[2024-06-25 09:42:04][ERROR] 
[2024-06-25 09:42:16][ERROR] 
[2024-06-25 09:42:30][ERROR] 
[2024-06-25 09:43:24][ERROR] 
[2024-06-25 09:43:25][ERROR] 
[2024-06-25 09:43:25][ERROR] 
[2024-06-25 09:43:25][ERROR] 
[2024-06-25 09:44:21][ERROR] 
[2024-06-25 09:44:43][SUCCESS] 
[2024-06-25 09:45:43][SUCCESS] 
[2024-06-25 09:45:44][SUCCESS] 
[2024-06-25 09:45:45][SUCCESS] 
[2024-06-25 09:45:45][SUCCESS] 
[2024-06-25 09:45:45][SUCCESS] 
[2024-06-25 09:46:06][SUCCESS] bangsat
[2024-06-25 09:46:06][SUCCESS] 
[2024-06-25 09:46:13][SUCCESS] bangsat
[2024-06-25 09:46:13][SUCCESS] 
[2024-06-25 09:46:14][SUCCESS] bangsat
[2024-06-25 09:46:14][SUCCESS] 
[2024-06-25 09:46:14][SUCCESS] bangsat
[2024-06-25 09:46:14][SUCCESS] 
[2024-06-25 09:46:14][SUCCESS] bangsat
[2024-06-25 09:46:14][SUCCESS] 
[2024-06-25 09:46:14][SUCCESS] bangsat
[2024-06-25 09:46:14][SUCCESS] 
[2024-06-25 09:46:14][SUCCESS] bangsat
[2024-06-25 09:46:14][SUCCESS] 
[2024-06-25 09:46:14][SUCCESS] bangsat
[2024-06-25 09:46:14][SUCCESS] 
[2024-06-25 09:46:35][SUCCESS] bangsat
[2024-06-25 09:46:35][SUCCESS] 
[2024-06-25 09:46:45][SUCCESS] bangsat
[2024-06-25 09:46:45][SUCCESS] 
[2024-06-25 09:47:09][SUCCESS] bangsat
[2024-06-25 09:47:09][SUCCESS] 
[2024-06-25 09:47:51][SUCCESS] bangsat
[2024-06-25 09:47:51][SUCCESS] 
[2024-06-25 09:49:31][SUCCESS] bangsat
[2024-06-25 09:49:31][SUCCESS] 
[2024-06-25 09:53:34][ERROR] bangsat
[2024-06-25 09:53:34][ERROR] 
[2024-06-25 09:56:20][ERROR] bangsat
[2024-06-25 09:56:20][ERROR] Received data: Array
(
    [title] => razha
    [author] => kjsdjads
    [synopsis] => ljsdjdsfjh
    [published_year] => 232
    [image_url] => asasas
)

[2024-06-25 09:56:20][ERROR] Title: razha, Author: kjsdjads, Synopsis: ljsdjdsfjh, Published Year: 232, Image URL: asasas
[2024-06-25 09:57:49][ERROR] bangsat
[2024-06-25 09:57:49][ERROR] Received data: Array
(
    [title] => razha
    [author] => kjsdjads
    [synopsis] => ljsdjdsfjh
    [published_year] => 232
    [image_url] => asasas
)

[2024-06-25 09:57:49][ERROR] Title: razha, Author: kjsdjads, Synopsis: ljsdjdsfjh, Published Year: 232, Image URL: asasas
[2024-06-25 09:58:06][ERROR] bangsat
[2024-06-25 09:58:06][ERROR] Received data: Array
(
    [title] => razha
    [author] => kjsdjads
    [synopsis] => ljsdjdsfjh
    [published_year] => 232
    [image_url] => asasas
)

[2024-06-25 09:58:06][ERROR] Title: razha, Author: kjsdjads, Synopsis: ljsdjdsfjh, Published Year: 232, Image URL: asasas
[2024-06-25 09:58:13][ERROR] bangsat
[2024-06-25 09:58:13][ERROR] Received data: Array
(
    [title] => kontol
    [author] => kjsdjads
    [synopsis] => ljsdjdsfjh
    [published_year] => 232
    [image_url] => asasas
)

[2024-06-25 09:58:13][ERROR] Title: kontol, Author: kjsdjads, Synopsis: ljsdjdsfjh, Published Year: 232, Image URL: asasas
[2024-06-25 10:04:24][ERROR] bangsat
[2024-06-25 10:04:24][ERROR] Received data: Array
(
    [title] => kontol
    [author] => kjsdjads
    [synopsis] => ljsdjdsfjh
    [published_year] => 232
    [image_url] => asasas
)

[2024-06-25 10:04:24][ERROR] Title: kontol, Author: kjsdjads, Synopsis: ljsdjdsfjh, Published Year: 232, Image URL: asasas
[2024-06-25 10:04:26][ERROR] bangsat
[2024-06-25 10:04:26][ERROR] Received data: Array
(
    [title] => kontol
    [author] => kjsdjads
    [synopsis] => ljsdjdsfjh
    [published_year] => 232
    [image_url] => asasas
)

[2024-06-25 10:04:26][ERROR] Title: kontol, Author: kjsdjads, Synopsis: ljsdjdsfjh, Published Year: 232, Image URL: asasas
[2024-06-25 10:04:26][ERROR] bangsat
[2024-06-25 10:04:26][ERROR] Received data: Array
(
    [title] => kontol
    [author] => kjsdjads
    [synopsis] => ljsdjdsfjh
    [published_year] => 232
    [image_url] => asasas
)

[2024-06-25 10:04:26][ERROR] Title: kontol, Author: kjsdjads, Synopsis: ljsdjdsfjh, Published Year: 232, Image URL: asasas
[2024-06-25 12:09:05][SUCCESS] User razha90 has been registered
[2024-06-25 12:24:41][SUCCESS] User razha90 has been logged in
[2024-06-25 15:05:14][ERROR] Failed to login user razha90
[2024-06-25 15:07:41][SUCCESS] User razha90 has been registered
[2024-06-25 15:07:46][ERROR] Failed to login user razha90
[2024-06-25 15:07:56][ERROR] Failed to login user razha90
[2024-06-25 15:12:19][SUCCESS] User razha90 has been registered
[2024-06-25 15:12:30][ERROR] Failed to login user razha90
[2024-06-25 15:13:02][ERROR] Failed to login user razha90
[2024-06-25 15:13:23][SUCCESS] User razha90 has been registered
[2024-06-25 15:13:29][ERROR] Failed to login user razha90
[2024-06-25 15:17:12][ERROR] Failed to login user razha90
[2024-06-25 15:17:23][ERROR] Failed to login user razha90
[2024-06-25 15:18:09][ERROR] Failed to login user razha90
[2024-06-25 15:20:23][ERROR] Failed to login user razha90
[2024-06-25 15:20:38][ERROR] Failed to login user razha90
[2024-06-25 15:21:12][ERROR] Failed to login user razha90
[2024-06-25 15:27:00][ERROR] Failed to login user razha90
[2024-06-25 15:27:54][ERROR] Failed to login user razha90
[2024-06-25 15:29:25][ERROR] Failed to login user razha90
[2024-06-25 15:30:39][ERROR] Failed to login user razha90
[2024-06-25 15:31:34][ERROR] Failed to login user razha90
[2024-06-25 15:32:48][SUCCESS] User razha90 has been registered
[2024-06-25 15:32:56][ERROR] Failed to login user razha90
[2024-06-25 15:37:17][SUCCESS] User razha90 has been registered
[2024-06-25 15:37:23][ERROR] Failed to login user razha90
[2024-06-25 15:41:06][SUCCESS] User razha90 has been registered
[2024-06-25 15:41:11][ERROR] Failed to login user razha90
[2024-06-25 15:41:57][SUCCESS] User razha123 has been registered
[2024-06-25 15:42:56][SUCCESS] User razha321 has been registered
[2024-06-25 15:43:20][SUCCESS] User razha322 has been registered
[2024-06-25 15:47:05][ERROR] password_hash(): Argument #2 ($algo) must be a valid password hashing algorithm
[2024-06-25 15:47:05][ERROR] Failed to register user razha90
[2024-06-25 15:47:24][ERROR] password_hash(): Argument #2 ($algo) must be a valid password hashing algorithm
[2024-06-25 15:47:24][ERROR] Failed to register user razha123
[2024-06-25 15:48:10][ERROR] password_hash(): Argument #2 ($algo) must be a valid password hashing algorithm
[2024-06-25 15:48:10][ERROR] Failed to register user razha90
[2024-06-25 15:49:24][SUCCESS] User razha90 has been registered
[2024-06-25 15:49:49][SUCCESS] User razha91 has been registered
[2024-06-25 15:51:49][ERROR] Failed to login user razha90
[2024-06-25 15:53:07][SUCCESS] User razha91 has been logged in
[2024-06-25 15:54:46][SUCCESS] User razha90 has been logged in
