[2024-06-27 07:24:48][[ERROR]] 
[2024-06-27 07:26:35][[ERROR]] 
[2024-06-27 07:26:59][[ERROR]] 
[2024-06-27 07:27:47][[ERROR]] 
13d6a6ba01272e0961f092e3[2024-06-27 07:52:40][SUCCESS] Book deleted successfully
[2024-06-27 08:10:04][SUCCESS] Book added successfully
bc2605ad2dba116ef74a2302[2024-06-27 08:10:06][SUCCESS] Book deleted successfully
ae5aa5abfc7e24ee03f767c3[2024-06-27 08:10:10][SUCCESS] Book deleted successfully
98c5219b198d089254f4e82b[2024-06-27 08:11:05][SUCCESS] Book deleted successfully
0e5fb9f96c665492ca1e82f2[2024-06-27 08:11:14][SUCCESS] Book deleted successfully
a82ee47a7f6602f044e48a0d[2024-06-27 08:13:23][SUCCESS] Book deleted successfully
[2024-06-27 08:14:22][SUCCESS] User razha90 has been logged in
[2024-06-27 08:14:22][[ERROR]] be14e99d53647e5dccb11c6f
[2024-06-27 11:10:39][SUCCESS] User razha90 has been logged in
[2024-06-27 11:10:39][[ERROR]] be14e99d53647e5dccb11c6f
[2024-06-27 11:11:36][ERROR] Title: Cara Berjalan, Author: Herdesi, Synopsis: Suatu hari kan bersama, Published Year: 2024, Image URL: f8628482e3df39697c6740bd.jpeg
[2024-06-27 11:11:36][SUCCESS] Book added successfully
b5a103babaf112eabc596511[2024-06-27 11:11:54][SUCCESS] Book deleted successfully
[2024-06-27 11:12:01][SUCCESS] Book added successfully
aeb509c48fb3c00fc47ab93b[2024-06-27 11:12:06][SUCCESS] Book deleted successfully
